<?xml version="1.0" encoding="UTF-8"?>
<!-- Generated by org.testng.reporters.JUnitXMLReporter -->
<testsuite hostname="home-PC" ignored="0" name="Retry Test" tests="3" failures="0" timestamp="08 Mar 2019 17:06:09 GMT" time="0.08" errors="0">
  <testcase name="test1" time="0.02" classname="com.testng.TNG.RetryTest">
    <skipped/>
  </testcase> <!-- test1 -->
  <testcase name="test1" time="0.01" classname="com.testng.TNG.RetryTest">
    <skipped/>
  </testcase> <!-- test1 -->
  <testcase name="test1" time="0.0" classname="com.testng.TNG.RetryTest"/>
</testsuite> <!-- Retry Test -->
