<?xml version="1.0" encoding="UTF-8"?>
<!-- Generated by org.testng.reporters.JUnitXMLReporter -->
<testsuite hostname="home-PC" ignored="0" name="Test" tests="7" failures="0" timestamp="06 Mar 2019 15:20:15 GMT" time="0.125" errors="0">
  <testcase name="test1" time="0.01" classname="com.testng.TNG.ListenerTestClass"/>
  <testcase name="test2" time="0.0" classname="com.testng.TNG.ListenerTestClass">
    <skipped/>
  </testcase> <!-- test2 -->
  <testcase name="test3" time="0.01" classname="com.testng.TNG.ListenerTestClass"/>
  <testcase name="test3" time="0.012" classname="com.testng.TNG.ListenerTestClass"/>
  <testcase name="test3" time="0.002" classname="com.testng.TNG.ListenerTestClass"/>
  <testcase name="test3" time="0.002" classname="com.testng.TNG.ListenerTestClass"/>
  <testcase name="test3" time="0.002" classname="com.testng.TNG.ListenerTestClass"/>
</testsuite> <!-- Test -->
